<?xml version="1.0" encoding="UTF-8"?>
<testsuite name="com.dvivasva.configserver.ConfigServerApplicationTests" tests="1" skipped="0" failures="0" errors="0" timestamp="2022-02-16T16:54:36" hostname="TRJ-4LVB8C3" time="0.565">
  <properties/>
  <testcase name="contextLoads()" classname="com.dvivasva.configserver.ConfigServerApplicationTests" time="0.565"/>
  <system-out><![CDATA[11:54:31.354 [Test worker] DEBUG org.springframework.test.context.BootstrapUtils - Instantiating CacheAwareContextLoaderDelegate from class [org.springframework.test.context.cache.DefaultCacheAwareContextLoaderDelegate]
11:54:31.378 [Test worker] DEBUG org.springframework.test.context.BootstrapUtils - Instantiating BootstrapContext using constructor [public org.springframework.test.context.support.DefaultBootstrapContext(java.lang.Class,org.springframework.test.context.CacheAwareContextLoaderDelegate)]
11:54:31.422 [Test worker] DEBUG org.springframework.test.context.BootstrapUtils - Instantiating TestContextBootstrapper for test class [com.dvivasva.configserver.ConfigServerApplicationTests] from class [org.springframework.boot.test.context.SpringBootTestContextBootstrapper]
11:54:31.434 [Test worker] INFO org.springframework.boot.test.context.SpringBootTestContextBootstrapper - Neither @ContextConfiguration nor @ContextHierarchy found for test class [com.dvivasva.configserver.ConfigServerApplicationTests], using SpringBootContextLoader
11:54:31.441 [Test worker] DEBUG org.springframework.test.context.support.AbstractContextLoader - Did not detect default resource location for test class [com.dvivasva.configserver.ConfigServerApplicationTests]: class path resource [com/dvivasva/configserver/ConfigServerApplicationTests-context.xml] does not exist
11:54:31.444 [Test worker] DEBUG org.springframework.test.context.support.AbstractContextLoader - Did not detect default resource location for test class [com.dvivasva.configserver.ConfigServerApplicationTests]: class path resource [com/dvivasva/configserver/ConfigServerApplicationTestsContext.groovy] does not exist
11:54:31.444 [Test worker] INFO org.springframework.test.context.support.AbstractContextLoader - Could not detect default resource locations for test class [com.dvivasva.configserver.ConfigServerApplicationTests]: no resource found for suffixes {-context.xml, Context.groovy}.
11:54:31.445 [Test worker] INFO org.springframework.test.context.support.AnnotationConfigContextLoaderUtils - Could not detect default configuration classes for test class [com.dvivasva.configserver.ConfigServerApplicationTests]: ConfigServerApplicationTests does not declare any static, non-private, non-final, nested classes annotated with @Configuration.
11:54:31.505 [Test worker] DEBUG org.springframework.test.context.support.ActiveProfilesUtils - Could not find an 'annotation declaring class' for annotation type [org.springframework.test.context.ActiveProfiles] and class [com.dvivasva.configserver.ConfigServerApplicationTests]
11:54:31.576 [Test worker] DEBUG org.springframework.context.annotation.ClassPathScanningCandidateComponentProvider - Identified candidate component class: file [C:\Users\dvivasva\Documents\bootcamp\config-server\build\classes\java\main\com\dvivasva\configserver\ConfigServerApplication.class]
11:54:31.582 [Test worker] INFO org.springframework.boot.test.context.SpringBootTestContextBootstrapper - Found @SpringBootConfiguration com.dvivasva.configserver.ConfigServerApplication for test class com.dvivasva.configserver.ConfigServerApplicationTests
11:54:31.696 [Test worker] DEBUG org.springframework.boot.test.context.SpringBootTestContextBootstrapper - @TestExecutionListeners is not present for class [com.dvivasva.configserver.ConfigServerApplicationTests]: using defaults.
11:54:31.719 [Test worker] INFO org.springframework.boot.test.context.SpringBootTestContextBootstrapper - Loaded default TestExecutionListener class names from location [META-INF/spring.factories]: [org.springframework.boot.test.autoconfigure.restdocs.RestDocsTestExecutionListener, org.springframework.boot.test.autoconfigure.web.client.MockRestServiceServerResetTestExecutionListener, org.springframework.boot.test.autoconfigure.web.servlet.MockMvcPrintOnlyOnFailureTestExecutionListener, org.springframework.boot.test.autoconfigure.web.servlet.WebDriverTestExecutionListener, org.springframework.boot.test.autoconfigure.webservices.client.MockWebServiceServerTestExecutionListener, org.springframework.boot.test.mock.mockito.MockitoTestExecutionListener, org.springframework.boot.test.mock.mockito.ResetMocksTestExecutionListener, org.springframework.test.context.web.ServletTestExecutionListener, org.springframework.test.context.support.DirtiesContextBeforeModesTestExecutionListener, org.springframework.test.context.event.ApplicationEventsTestExecutionListener, org.springframework.test.context.support.DependencyInjectionTestExecutionListener, org.springframework.test.context.support.DirtiesContextTestExecutionListener, org.springframework.test.context.transaction.TransactionalTestExecutionListener, org.springframework.test.context.jdbc.SqlScriptsTestExecutionListener, org.springframework.test.context.event.EventPublishingTestExecutionListener]
11:54:31.753 [Test worker] DEBUG org.springframework.boot.test.context.SpringBootTestContextBootstrapper - Skipping candidate TestExecutionListener [org.springframework.test.context.transaction.TransactionalTestExecutionListener] due to a missing dependency. Specify custom listener classes or make the default listener classes and their required dependencies available. Offending class: [org/springframework/transaction/interceptor/TransactionAttributeSource]
11:54:31.753 [Test worker] DEBUG org.springframework.boot.test.context.SpringBootTestContextBootstrapper - Skipping candidate TestExecutionListener [org.springframework.test.context.jdbc.SqlScriptsTestExecutionListener] due to a missing dependency. Specify custom listener classes or make the default listener classes and their required dependencies available. Offending class: [org/springframework/transaction/interceptor/TransactionAttribute]
11:54:31.754 [Test worker] INFO org.springframework.boot.test.context.SpringBootTestContextBootstrapper - Using TestExecutionListeners: [org.springframework.test.context.web.ServletTestExecutionListener@f8908f6, org.springframework.test.context.support.DirtiesContextBeforeModesTestExecutionListener@3e587920, org.springframework.test.context.event.ApplicationEventsTestExecutionListener@2ef8a8c3, org.springframework.boot.test.mock.mockito.MockitoTestExecutionListener@24f43aa3, org.springframework.boot.test.autoconfigure.SpringBootDependencyInjectionTestExecutionListener@63fd4873, org.springframework.test.context.support.DirtiesContextTestExecutionListener@1e11bc55, org.springframework.test.context.event.EventPublishingTestExecutionListener@7544a1e4, org.springframework.boot.test.autoconfigure.restdocs.RestDocsTestExecutionListener@70e0accd, org.springframework.boot.test.autoconfigure.web.client.MockRestServiceServerResetTestExecutionListener@7957dc72, org.springframework.boot.test.autoconfigure.web.servlet.MockMvcPrintOnlyOnFailureTestExecutionListener@6ab72419, org.springframework.boot.test.autoconfigure.web.servlet.WebDriverTestExecutionListener@3aacf32a, org.springframework.boot.test.autoconfigure.webservices.client.MockWebServiceServerTestExecutionListener@4fdfa676, org.springframework.boot.test.mock.mockito.ResetMocksTestExecutionListener@82c57b3]
11:54:31.760 [Test worker] DEBUG org.springframework.test.context.support.AbstractDirtiesContextTestExecutionListener - Before test class: context [DefaultTestContext@6c451c9c testClass = ConfigServerApplicationTests, testInstance = [null], testMethod = [null], testException = [null], mergedContextConfiguration = [WebMergedContextConfiguration@31c269fd testClass = ConfigServerApplicationTests, locations = '{}', classes = '{class com.dvivasva.configserver.ConfigServerApplication}', contextInitializerClasses = '[]', activeProfiles = '{}', propertySourceLocations = '{}', propertySourceProperties = '{org.springframework.boot.test.context.SpringBootTestContextBootstrapper=true}', contextCustomizers = set[org.springframework.boot.test.autoconfigure.actuate.metrics.MetricsExportContextCustomizerFactory$DisableMetricExportContextCustomizer@66b7550d, org.springframework.boot.test.autoconfigure.properties.PropertyMappingContextCustomizer@0, org.springframework.boot.test.autoconfigure.web.servlet.WebDriverContextCustomizerFactory$Customizer@5bc9ba1d, org.springframework.boot.test.context.filter.ExcludeFilterContextCustomizer@4189d70b, org.springframework.boot.test.json.DuplicateJsonObjectContextCustomizerFactory$DuplicateJsonObjectContextCustomizer@6f0b0a5e, org.springframework.boot.test.mock.mockito.MockitoContextCustomizer@0, org.springframework.boot.test.web.client.TestRestTemplateContextCustomizer@fb9c7aa, org.springframework.boot.test.context.SpringBootTestArgs@1, org.springframework.boot.test.context.SpringBootTestWebEnvironment@54e041a4], resourceBasePath = 'src/main/webapp', contextLoader = 'org.springframework.boot.test.context.SpringBootContextLoader', parent = [null]], attributes = map['org.springframework.test.context.web.ServletTestExecutionListener.activateListener' -> true]], class annotated with @DirtiesContext [false] with mode [null].

  .   ____          _            __ _ _
 /\\ / ___'_ __ _ _(_)_ __  __ _ \ \ \ \
( ( )\___ | '_ | '_| | '_ \/ _` | \ \ \ \
 \\/  ___)| |_)| | | | | || (_| |  ) ) ) )
  '  |____| .__|_| |_|_| |_\__, | / / / /
 =========|_|==============|___/=/_/_/_/
 :: Spring Boot ::                (v2.6.3)

2022-02-16 11:54:32.666  INFO 17236 --- [    Test worker] c.d.c.ConfigServerApplicationTests       : Starting ConfigServerApplicationTests using Java 11.0.11 on TRJ-4LVB8C3 with PID 17236 (started by dvivasva in C:\Users\dvivasva\Documents\bootcamp\config-server)
2022-02-16 11:54:32.667  INFO 17236 --- [    Test worker] c.d.c.ConfigServerApplicationTests       : No active profile set, falling back to default profiles: default
2022-02-16 11:54:33.869  INFO 17236 --- [    Test worker] o.s.cloud.context.scope.GenericScope     : BeanFactory id=77c0f42d-5ba6-3fcb-9955-df7961d99a7d
2022-02-16 11:54:36.258  INFO 17236 --- [    Test worker] c.d.c.ConfigServerApplicationTests       : Started ConfigServerApplicationTests in 4.45 seconds (JVM running for 6.324)
]]></system-out>
  <system-err><![CDATA[]]></system-err>
</testsuite>
